*** Starting uWSGI 2.0.20 (64bit) on [Mon Dec  6 15:07:47 2021] ***
compiled with version: Apple LLVM 12.0.5 (clang-1205.0.22.11) on 06 December 2021 06:01:32
os: Darwin-20.3.0 Darwin Kernel Version 20.3.0: Thu Jan 21 00:07:06 PST 2021; root:xnu-7195.81.3~1/RELEASE_X86_64
nodename: MacBook-Pro.local
machine: x86_64
clock source: unix
pcre jit disabled
detected number of CPU cores: 4
current working directory: /Users/jeenhyung-mac/develop/infinyx/corona_project
writing pidfile to /Users/jeenhyung-mac/develop/infinyx/corona_project/uwsgi.pid
detected binary path: /Library/Frameworks/Python.framework/Versions/2.7/bin/uwsgi
chdir() to /Users/jeenhyung-mac/develop/infinyx/corona_project
your processes number limit is 2784
your memory page size is 4096 bytes
detected max file descriptor number: 10496
lock engine: OSX spinlocks
thunder lock: disabled (you can enable it with --thunder-lock)
Python version: 2.7.16 (v2.7.16:413a49145e, Mar  2 2019, 15:28:37)  [GCC 4.2.1 (Apple Inc. build 5666) (dot 3)]
*** Python threads support is disabled. You can enable it with --enable-threads ***
Python main interpreter initialized at 0x7ffc69407ba0
The -s/--socket option is missing and stdin is not a socket.
